<?xml version="1.0" encoding="UTF-8"?>
<!-- Generated by org.testng.reporters.JUnitReportReporter -->
<testsuite skipped="0" hostname="Krish-Surface" name="QaclickAcademy.appium" tests="1" failures="0" timestamp="23 Sep 2019 13:14:11 GMT" time="0.014" errors="0">
  <testcase name="appiumTest" time="0.014" classname="QaclickAcademy.appium"/>
</testsuite> <!-- QaclickAcademy.appium -->
