<?xml version="1.0" encoding="UTF-8"?>
<!-- Generated by org.testng.reporters.JUnitReportReporter -->
<testsuite hostname="Krish-Surface" name="QaclickAcademy.appiumTest" tests="1" failures="0" timestamp="23 Sep 2019 14:04:05 GMT" time="0.009" errors="0">
  <testcase name="appiumtest1" time="0.009" classname="QaclickAcademy.appiumTest"/>
</testsuite> <!-- QaclickAcademy.appiumTest -->
