<?xml version="1.0" encoding="UTF-8"?>
<!-- Generated by org.testng.reporters.JUnitReportReporter -->
<testsuite hostname="Krish-Surface" name="QaclickAcademy.restassuredTest" tests="1" failures="0" timestamp="23 Sep 2019 13:59:34 GMT" time="0.001" errors="0">
  <testcase name="deletetwitter" time="0.001" classname="QaclickAcademy.restassuredTest"/>
</testsuite> <!-- QaclickAcademy.restassuredTest -->
