<?xml version="1.0" encoding="UTF-8"?>
<!-- Generated by org.testng.reporters.JUnitReportReporter -->
<testsuite hostname="Krish-Surface" name="QaclickAcademy.seleniumTest" tests="2" failures="0" timestamp="23 Sep 2019 13:59:34 GMT" time="0.000" errors="0">
  <testcase name="browserTest" time="0.000" classname="QaclickAcademy.seleniumTest"/>
  <testcase name="login" time="0.000" classname="QaclickAcademy.seleniumTest"/>
</testsuite> <!-- QaclickAcademy.seleniumTest -->
